[21:52:16] [Server thread/INFO]: Starting minecraft server version 1.10.2
[21:52:16] [Server thread/INFO]: Loading properties
[21:52:16] [Server thread/INFO]: Default game type: SURVIVAL
[21:52:16] [Server thread/INFO]: This server is running Paper version git-Paper-899 (MC: 1.10.2) (Implementing API version 1.10.2-R0.1-SNAPSHOT)
[21:52:16] [Server thread/INFO]: Debug logging is disabled
[21:52:16] [Server thread/INFO]: Server Ping Player Sample Count: 12
[21:52:16] [Server thread/INFO]: Using 4 threads for Netty based IO
[21:52:16] [Server thread/INFO]: Spigot Timings: true - Verbose: true - Interval: 5m - Length: 60m
[21:52:16] [Server thread/INFO]: Generating keypair
[21:52:17] [Server thread/INFO]: Starting Minecraft server on *:25565
[21:52:17] [Server thread/INFO]: Using default channel type
[21:52:17] [Server thread/INFO]: Set PluginClassLoader as parallel capable
[21:52:17] [Server thread/INFO]: [PermissionsEx] Loading PermissionsEx v1.23.4
[21:52:17] [Server thread/INFO]: [Essentials] Loading Essentials v2.0.1-b370
[21:52:17] [Server thread/INFO]: [SimplePrefix] Loading SimplePrefix v2.5.1
[21:52:17] [Server thread/INFO]: [Multiverse-Core] Loading Multiverse-Core v2.5-b688
[21:52:17] [Server thread/INFO]: Server permissions file permissions.yml is empty, ignoring it
[21:52:17] [Server thread/INFO]: **** Beginning UUID conversion, this may take A LONG time ****
[21:52:17] [Server thread/INFO]: Preparing level "world"
[21:52:17] [Server thread/INFO]: -------- World Settings For [world] --------
[21:52:17] [Server thread/INFO]: Experience Merge Radius: 3.0
[21:52:17] [Server thread/INFO]: Nerfing mobs spawned from spawners: false
[21:52:17] [Server thread/INFO]: Zombie Aggressive Towards Villager: true
[21:52:17] [Server thread/INFO]: Item Despawn Rate: 6000
[21:52:17] [Server thread/INFO]: Item Merge Radius: 2.5
[21:52:17] [Server thread/INFO]: Arrow Despawn Rate: 1200
[21:52:17] [Server thread/INFO]: View Distance: 10
[21:52:17] [Server thread/INFO]: Allow Zombie Pigmen to spawn from portal blocks: true
[21:52:17] [Server thread/INFO]: Mob Spawn Range: 4
[21:52:17] [Server thread/INFO]: Cactus Growth Modifier: 100%
[21:52:17] [Server thread/INFO]: Cane Growth Modifier: 100%
[21:52:17] [Server thread/INFO]: Melon Growth Modifier: 100%
[21:52:17] [Server thread/INFO]: Mushroom Growth Modifier: 100%
[21:52:17] [Server thread/INFO]: Pumpkin Growth Modifier: 100%
[21:52:17] [Server thread/INFO]: Sapling Growth Modifier: 100%
[21:52:17] [Server thread/INFO]: Wheat Growth Modifier: 100%
[21:52:17] [Server thread/INFO]: NetherWart Growth Modifier: 100%
[21:52:17] [Server thread/INFO]: Vine Growth Modifier: 100%
[21:52:17] [Server thread/INFO]: Cocoa Growth Modifier: 100%
[21:52:17] [Server thread/INFO]: Entity Activation Range: An 32 / Mo 32 / Mi 16
[21:52:17] [Server thread/INFO]: Entity Tracking Range: Pl 48 / An 48 / Mo 48 / Mi 32 / Other 64
[21:52:17] [Server thread/INFO]: Hopper Transfer: 8 Hopper Check: 8 Hopper Amount: 1
[21:52:17] [Server thread/INFO]: Random Lighting Updates: false
[21:52:17] [Server thread/INFO]: Structure Info Saving: true
[21:52:17] [Server thread/INFO]: Max Entity Collisions: 8
[21:52:17] [Server thread/INFO]: Custom Map Seeds:  Village: 10387312 Feature: 14357617
[21:52:17] [Server thread/INFO]: Max TNT Explosions: 100
[21:52:17] [Server thread/INFO]: Tile Max Tick Time: 50ms Entity max Tick Time: 50ms
[21:52:17] [Server thread/INFO]: -------- World Settings For [world_nether] --------
[21:52:17] [Server thread/INFO]: Experience Merge Radius: 3.0
[21:52:17] [Server thread/INFO]: Nerfing mobs spawned from spawners: false
[21:52:17] [Server thread/INFO]: Zombie Aggressive Towards Villager: true
[21:52:17] [Server thread/INFO]: Item Despawn Rate: 6000
[21:52:17] [Server thread/INFO]: Item Merge Radius: 2.5
[21:52:17] [Server thread/INFO]: Arrow Despawn Rate: 1200
[21:52:17] [Server thread/INFO]: View Distance: 10
[21:52:17] [Server thread/INFO]: Allow Zombie Pigmen to spawn from portal blocks: true
[21:52:17] [Server thread/INFO]: Mob Spawn Range: 4
[21:52:17] [Server thread/INFO]: Cactus Growth Modifier: 100%
[21:52:17] [Server thread/INFO]: Cane Growth Modifier: 100%
[21:52:17] [Server thread/INFO]: Melon Growth Modifier: 100%
[21:52:17] [Server thread/INFO]: Mushroom Growth Modifier: 100%
[21:52:17] [Server thread/INFO]: Pumpkin Growth Modifier: 100%
[21:52:17] [Server thread/INFO]: Sapling Growth Modifier: 100%
[21:52:17] [Server thread/INFO]: Wheat Growth Modifier: 100%
[21:52:17] [Server thread/INFO]: NetherWart Growth Modifier: 100%
[21:52:17] [Server thread/INFO]: Vine Growth Modifier: 100%
[21:52:17] [Server thread/INFO]: Cocoa Growth Modifier: 100%
[21:52:17] [Server thread/INFO]: Entity Activation Range: An 32 / Mo 32 / Mi 16
[21:52:17] [Server thread/INFO]: Entity Tracking Range: Pl 48 / An 48 / Mo 48 / Mi 32 / Other 64
[21:52:17] [Server thread/INFO]: Hopper Transfer: 8 Hopper Check: 8 Hopper Amount: 1
[21:52:17] [Server thread/INFO]: Random Lighting Updates: false
[21:52:17] [Server thread/INFO]: Structure Info Saving: true
[21:52:17] [Server thread/INFO]: Max Entity Collisions: 8
[21:52:17] [Server thread/INFO]: Custom Map Seeds:  Village: 10387312 Feature: 14357617
[21:52:17] [Server thread/INFO]: Max TNT Explosions: 100
[21:52:17] [Server thread/INFO]: Tile Max Tick Time: 50ms Entity max Tick Time: 50ms
[21:52:17] [Server thread/INFO]: -------- World Settings For [world_the_end] --------
[21:52:17] [Server thread/INFO]: Experience Merge Radius: 3.0
[21:52:17] [Server thread/INFO]: Nerfing mobs spawned from spawners: false
[21:52:17] [Server thread/INFO]: Zombie Aggressive Towards Villager: true
[21:52:17] [Server thread/INFO]: Item Despawn Rate: 6000
[21:52:17] [Server thread/INFO]: Item Merge Radius: 2.5
[21:52:17] [Server thread/INFO]: Arrow Despawn Rate: 1200
[21:52:17] [Server thread/INFO]: View Distance: 10
[21:52:17] [Server thread/INFO]: Allow Zombie Pigmen to spawn from portal blocks: true
[21:52:17] [Server thread/INFO]: Mob Spawn Range: 4
[21:52:17] [Server thread/INFO]: Cactus Growth Modifier: 100%
[21:52:17] [Server thread/INFO]: Cane Growth Modifier: 100%
[21:52:17] [Server thread/INFO]: Melon Growth Modifier: 100%
[21:52:17] [Server thread/INFO]: Mushroom Growth Modifier: 100%
[21:52:17] [Server thread/INFO]: Pumpkin Growth Modifier: 100%
[21:52:17] [Server thread/INFO]: Sapling Growth Modifier: 100%
[21:52:17] [Server thread/INFO]: Wheat Growth Modifier: 100%
[21:52:17] [Server thread/INFO]: NetherWart Growth Modifier: 100%
[21:52:17] [Server thread/INFO]: Vine Growth Modifier: 100%
[21:52:17] [Server thread/INFO]: Cocoa Growth Modifier: 100%
[21:52:17] [Server thread/INFO]: Entity Activation Range: An 32 / Mo 32 / Mi 16
[21:52:17] [Server thread/INFO]: Entity Tracking Range: Pl 48 / An 48 / Mo 48 / Mi 32 / Other 64
[21:52:17] [Server thread/INFO]: Hopper Transfer: 8 Hopper Check: 8 Hopper Amount: 1
[21:52:17] [Server thread/INFO]: Random Lighting Updates: false
[21:52:17] [Server thread/INFO]: Structure Info Saving: true
[21:52:17] [Server thread/INFO]: Max Entity Collisions: 8
[21:52:17] [Server thread/INFO]: Custom Map Seeds:  Village: 10387312 Feature: 14357617
[21:52:17] [Server thread/INFO]: Max TNT Explosions: 100
[21:52:17] [Server thread/INFO]: Tile Max Tick Time: 50ms Entity max Tick Time: 50ms
[21:52:17] [Server thread/INFO]: Preparing start region for level 0 (Seed: -491356314831693699)
[21:52:18] [Server thread/INFO]: Preparing spawn area: 20%
[21:52:19] [Server thread/INFO]: Preparing start region for level 1 (Seed: -491356314831693699)
[21:52:19] [Server thread/INFO]: Preparing start region for level 2 (Seed: -491356314831693699)
[21:52:19] [Server thread/INFO]: [PermissionsEx] Enabling PermissionsEx v1.23.4
[21:52:19] [Server thread/INFO]: [PermissionsEx] Initializing file backend
[21:52:19] [Server thread/INFO]: [PermissionsEx] Permissions file successfully reloaded
[21:52:19] [Server thread/INFO]: [Essentials] Enabling Essentials v2.0.1-b370
[21:52:19] [Server thread/INFO]: Using locale en_US
[21:52:19] [Server thread/INFO]: [Essentials] Using 1.8.3+ BlockStateMeta provider as mob spawner provider.
[21:52:19] [Server thread/INFO]: [Essentials] Using Reflection based provider as spawn egg provider.
[21:52:19] [Server thread/INFO]: [Essentials] Using 1.9+ BasePotionData provider as potion meta provider.
[21:52:19] [Server thread/INFO]: Using locale en_US
[21:52:20] [Server thread/INFO]: [Essentials] Starting Metrics. Opt-out using the global PluginMetrics config.
[21:52:20] [Server thread/WARN]: [Essentials] Detected supported permissions plugin PermissionsEx without Vault installed.
[21:52:20] [Server thread/WARN]: [Essentials] Features such as chat prefixes/suffixes and group-related functionality will not work until you install Vault.
[21:52:20] [Server thread/INFO]: [Essentials] Using superperms-based permissions.
[21:52:20] [Server thread/INFO]: [SimplePrefix] Enabling SimplePrefix v2.5.1
[21:52:20] [Server thread/INFO]: [Multiverse-Core] Enabling Multiverse-Core v2.5-b688
[21:52:20] [Server thread/INFO]: [Multiverse-Core] [AllPay] - Version 13.0 - hooked into Essentials Economy for Multiverse-Core v2.5-b688
[21:52:20] [Server thread/INFO]: [Multiverse-Core] 3 - World(s) loaded.
[21:52:20] [Server thread/INFO]: [Multiverse-Core] Version 2.5-b688 (API v18) Enabled - By Rigby, fernferret, lithium3141 and main--
[21:52:20] [Server thread/INFO]: Done (3.027s)! For help, type "help" or "?"
[21:52:20] [Server thread/INFO]: Timings Reset
[21:52:20] [Craft Scheduler Thread - 5/WARN]: [Multiverse-Core] Plugin Multiverse-Core v2.5-b688 generated an exception while executing task 9
java.lang.NoSuchMethodError: org.bukkit.Server.getOnlinePlayers()[Lorg/bukkit/entity/Player;
	at org.mcstats.multiverse.Metrics.postPlugin(Metrics.java:357) ~[?:?]
	at org.mcstats.multiverse.Metrics.access$400(Metrics.java:64) ~[?:?]
	at org.mcstats.multiverse.Metrics$1.run(Metrics.java:245) ~[?:?]
	at org.bukkit.craftbukkit.v1_10_R1.scheduler.CraftTask.run(CraftTask.java:58) ~[patched_1.10.2.jar:git-Paper-899]
	at org.bukkit.craftbukkit.v1_10_R1.scheduler.CraftAsyncTask.run(CraftAsyncTask.java:52) [patched_1.10.2.jar:git-Paper-899]
	at com.destroystokyo.paper.ServerSchedulerReportingWrapper.run(ServerSchedulerReportingWrapper.java:22) [patched_1.10.2.jar:git-Paper-899]
	at java.util.concurrent.ThreadPoolExecutor.runWorker(ThreadPoolExecutor.java:1142) [?:1.8.0_77]
	at java.util.concurrent.ThreadPoolExecutor$Worker.run(ThreadPoolExecutor.java:617) [?:1.8.0_77]
	at java.lang.Thread.run(Thread.java:745) [?:1.8.0_77]
[21:52:34] [User Authenticator #1/INFO]: UUID of player hipppie125 is 8047ba5f-d056-453d-9fde-67278fb3ab06
[21:52:34] [Server thread/INFO]: hipppie125[/127.0.0.1:53050] logged in with entity id 127 at ([world]-90.35232947878801, 64.0, 127.51054820812469)
[21:52:36] [Async Chat Thread - #0/INFO]: [0;37;1m[[0;34;1mTeacher[0;37;1m][4mhipppie125[mtest[m
[21:55:15] [Server thread/INFO]: hipppie125 lost connection: Disconnected
[21:55:15] [Server thread/INFO]: hipppie125 left the game
[21:55:17] [Server thread/INFO]: Stopping the server
[21:55:17] [Server thread/INFO]: Stopping server
[21:55:17] [Server thread/INFO]: [Multiverse-Core] Disabling Multiverse-Core v2.5-b688
[21:55:17] [Server thread/INFO]: [SimplePrefix] Disabling SimplePrefix v2.5.1
[21:55:17] [Server thread/INFO]: [Essentials] Disabling Essentials v2.0.1-b370
[21:55:17] [Server thread/INFO]: [PermissionsEx] Disabling PermissionsEx v1.23.4
[21:55:17] [Server thread/INFO]: Saving players
[21:55:17] [Server thread/INFO]: Saving worlds
[21:55:17] [Server thread/INFO]: Saving chunks for level 'world'/Overworld
[21:55:18] [Server thread/INFO]: Saving chunks for level 'world_nether'/Nether
[21:55:18] [Server thread/INFO]: Saving chunks for level 'world_the_end'/The End
